(node:15989) [DEP0061] DeprecationWarning: fs.SyncWriteStream is deprecated.
INFO  Deleted database.
INFO  Deleted public folder.
(node:16154) [DEP0061] DeprecationWarning: fs.SyncWriteStream is deprecated.
INFO  Start processing
INFO  Files loaded in 7.96 s
INFO  Generated: capture_demo.html
INFO  Generated: sitemap.xml
INFO  Generated: rss2.xml
INFO  Generated: invite.html
INFO  Generated: 结婚照.html
INFO  Generated: index.html
INFO  Generated: js/custom.js
INFO  Generated: favicon.ico
INFO  Generated: jd_root.txt
INFO  Generated: wechat.JPG
INFO  Generated: CNAME
INFO  Generated: robots.txt
INFO  Generated: categories/index.html
INFO  Generated: 404/index.html
INFO  Generated: about/index.html
INFO  Generated: issue/index.html
INFO  Generated: tags/index.html
INFO  Generated: archives/index.html
INFO  Generated: search/index.html
INFO  Generated: js/bootstrap.js
INFO  Generated: js/bootstrap.scrollspy.js
INFO  Generated: js/fancy-box.js
INFO  Generated: js/helpers.js
INFO  Generated: js/hook-duoshuo.js
INFO  Generated: js/motion.js
INFO  Generated: js/search.js
INFO  Generated: js/ua-parser.min.js
INFO  Generated: js/jiathis.js
INFO  Generated: images/beian.png
INFO  Generated: 404/404.jpg
INFO  Generated: images/cc-by-nc-nd.svg
INFO  Generated: images/cc-by-nc.svg
INFO  Generated: images/cc-by-nd.svg
INFO  Generated: images/cc-by-sa.svg
INFO  Generated: images/cc-by.svg
INFO  Generated: images/cc-zero.svg
INFO  Generated: images/loading.gif
INFO  Generated: images/logo.png
INFO  Generated: images/placeholder.gif
INFO  Generated: images/quote-l.svg
INFO  Generated: images/quote-r.svg
INFO  Generated: images/default_avatar.jpg
INFO  Generated: images/search.png
INFO  Generated: images/searchicon.png
INFO  Generated: images/zfb.png
INFO  Generated: images/cc-by-nc-sa.svg
INFO  Generated: archives/2015/08/index.html
INFO  Generated: archives/2016/01/index.html
INFO  Generated: archives/2017/01/index.html
INFO  Generated: archives/2018/02/index.html
INFO  Generated: page/2/index.html
INFO  Generated: archives/page/2/index.html
INFO  Generated: archives/2015/09/index.html
INFO  Generated: archives/2016/04/index.html
INFO  Generated: archives/2016/05/index.html
INFO  Generated: archives/2016/07/index.html
INFO  Generated: archives/2016/09/index.html
INFO  Generated: archives/2016/12/index.html
INFO  Generated: archives/2017/03/index.html
INFO  Generated: archives/2017/06/index.html
INFO  Generated: archives/2017/07/index.html
INFO  Generated: archives/2017/08/index.html
INFO  Generated: archives/2017/10/index.html
INFO  Generated: archives/2018/06/index.html
INFO  Generated: archives/2018/07/index.html
INFO  Generated: categories/心情杂感/index.html
INFO  Generated: categories/阅历/index.html
INFO  Generated: tags/HTML5/index.html
INFO  Generated: tags/FormData/index.html
INFO  Generated: tags/上传文件/index.html
INFO  Generated: tags/算法，字符串/index.html
INFO  Generated: tags/freecodecamp/index.html
INFO  Generated: tags/react/index.html
INFO  Generated: tags/ant-design/index.html
INFO  Generated: tags/树莓派/index.html
INFO  Generated: tags/awk/index.html
INFO  Generated: archives/2017/02/index.html
INFO  Generated: tags/awk求和/index.html
INFO  Generated: tags/awk-BEGIN/index.html
INFO  Generated: tags/awk-END/index.html
INFO  Generated: tags/aws/index.html
INFO  Generated: tags/mongodb/index.html
INFO  Generated: tags/安全防护/index.html
INFO  Generated: tags/开篇/index.html
INFO  Generated: categories/图片廊/index.html
INFO  Generated: tags/心情/index.html
INFO  Generated: tags/备案/index.html
INFO  Generated: tags/轮播/index.html
INFO  Generated: tags/js/index.html
INFO  Generated: tags/组件化/index.html
INFO  Generated: tags/Charles/index.html
INFO  Generated: tags/抓包/index.html
INFO  Generated: tags/去广告/index.html
INFO  Generated: tags/Chrome插件/index.html
INFO  Generated: tags/transmission/index.html
INFO  Generated: tags/CSS，转载/index.html
INFO  Generated: tags/csv/index.html
INFO  Generated: tags/oss/index.html
INFO  Generated: tags/utf8/index.html
INFO  Generated: tags/filewatchers/index.html
INFO  Generated: tags/find/index.html
INFO  Generated: tags/xargs/index.html
INFO  Generated: tags/cp/index.html
INFO  Generated: tags/翻墙/index.html
INFO  Generated: tags/备份/index.html
INFO  Generated: tags/squid/index.html
INFO  Generated: tags/stunnel/index.html
INFO  Generated: tags/vpn代理/index.html
INFO  Generated: tags/gitcafe-pages/index.html
INFO  Generated: tags/gitcafe-域名解析/index.html
INFO  Generated: tags/代理/index.html
INFO  Generated: tags/page-build-warning/index.html
INFO  Generated: tags/github/index.html
INFO  Generated: tags/gitpages-warning/index.html
INFO  Generated: tags/hexo/index.html
INFO  Generated: tags/dns/index.html
INFO  Generated: tags/gulp/index.html
INFO  Generated: tags/minify/index.html
INFO  Generated: tags/代码精简/index.html
INFO  Generated: tags/Hexo博客优化/index.html
INFO  Generated: tags/压缩/index.html
INFO  Generated: tags/访问统计/index.html
INFO  Generated: tags/阅读量，文章浏览统计/index.html
INFO  Generated: tags/html5-摄像头/index.html
INFO  Generated: tags/bom/index.html
INFO  Generated: tags/jvm/index.html
INFO  Generated: tags/远程调试/index.html
INFO  Generated: tags/请柬/index.html
INFO  Generated: tags/gitcafe-dns/index.html
INFO  Generated: tags/iptables/index.html
INFO  Generated: tags/端口转发/index.html
INFO  Generated: tags/jenkins/index.html
INFO  Generated: tags/java/index.html
INFO  Generated: tags/数值/index.html
INFO  Generated: tags/区分访问设备/index.html
INFO  Generated: tags/获取访问设备/index.html
INFO  Generated: tags/encode/index.html
INFO  Generated: tags/代码压缩/index.html
INFO  Generated: tags/for-in/index.html
INFO  Generated: tags/JS库/index.html
INFO  Generated: tags/整型/index.html
INFO  Generated: tags/空巢老人/index.html
INFO  Generated: tags/口才/index.html
INFO  Generated: tags/延迟加载/index.html
INFO  Generated: tags/jquery/index.html
INFO  Generated: tags/idea/index.html
INFO  Generated: tags/lazyload/index.html
INFO  Generated: tags/mysql/index.html
INFO  Generated: tags/天气API/index.html
INFO  Generated: tags/markdown/index.html
INFO  Generated: tags/maven/index.html
INFO  Generated: tags/锤子/index.html
INFO  Generated: tags/短信/index.html
INFO  Generated: tags/精度丢失/index.html
INFO  Generated: tags/恢复/index.html
INFO  Generated: tags/mongoose/index.html
INFO  Generated: tags/update-all/index.html
INFO  Generated: tags/case-when/index.html
INFO  Generated: tags/in/index.html
INFO  Generated: tags/select/index.html
INFO  Generated: tags/nodejs/index.html
INFO  Generated: tags/养老/index.html
INFO  Generated: tags/session/index.html
INFO  Generated: tags/懒加载/index.html
INFO  Generated: tags/cookie/index.html
INFO  Generated: tags/crypto/index.html
INFO  Generated: tags/加密/index.html
INFO  Generated: tags/解密/index.html
INFO  Generated: tags/城市定位/index.html
INFO  Generated: tags/ssh/index.html
INFO  Generated: tags/shell/index.html
INFO  Generated: tags/远程执行/index.html
INFO  Generated: tags/node/index.html
INFO  Generated: tags/sendEmail/index.html
INFO  Generated: tags/发送邮件/index.html
INFO  Generated: tags/阅读/index.html
INFO  Generated: tags/中文乱码/index.html
INFO  Generated: tags/年终总结/index.html
INFO  Generated: tags/开年寄语/index.html
INFO  Generated: tags/翻译/index.html
INFO  Generated: tags/Java/index.html
INFO  Generated: tags/结婚照/index.html
INFO  Generated: tags/爬虫/index.html
INFO  Generated: tags/tumblr/index.html
INFO  Generated: tags/登录验证/index.html
INFO  Generated: tags/自己动手写爬虫/index.html
INFO  Generated: tags/xz/index.html
INFO  Generated: tags/解压/index.html
INFO  Generated: tags/知乎/index.html
INFO  Generated: archives/page/3/index.html
INFO  Generated: archives/page/4/index.html
INFO  Generated: archives/page/5/index.html
INFO  Generated: tags/raspberry/index.html
INFO  Generated: archives/page/6/index.html
INFO  Generated: archives/page/8/index.html
INFO  Generated: archives/2015/06/index.html
INFO  Generated: archives/2015/07/index.html
INFO  Generated: archives/2015/12/index.html
INFO  Generated: archives/2016/02/index.html
INFO  Generated: archives/2016/03/index.html
INFO  Generated: archives/2016/06/index.html
INFO  Generated: archives/2016/08/index.html
INFO  Generated: archives/2018/03/index.html
INFO  Generated: archives/2018/04/index.html
INFO  Generated: archives/2018/05/index.html
INFO  Generated: categories/文摘采撷/index.html
INFO  Generated: page/3/index.html
INFO  Generated: page/4/index.html
INFO  Generated: tags/onSelect/index.html
INFO  Generated: archives/page/7/index.html
INFO  Generated: page/5/index.html
INFO  Generated: page/8/index.html
INFO  Generated: tags/git/index.html
INFO  Generated: tags/volatile/index.html
INFO  Generated: tags/评论/index.html
INFO  Generated: tags/留言板/index.html
INFO  Generated: tags/写作/index.html
INFO  Generated: tags/aria2/index.html
INFO  Generated: tags/javascript/index.html
INFO  Generated: page/7/index.html
INFO  Generated: tags/find-in-set/index.html
INFO  Generated: page/6/index.html
INFO  Generated: archives/2015/index.html
INFO  Generated: archives/2017/index.html
INFO  Generated: archives/2018/index.html
INFO  Generated: categories/技术人生/index.html
INFO  Generated: archives/2016/index.html
INFO  Generated: vendors/fastclick/LICENSE
INFO  Generated: css/search.css
INFO  Generated: vendors/jquery_lazyload/bower.json
INFO  Generated: vendors/notie/notie.min.css
INFO  Generated: vendors/velocity/bower.json
INFO  Generated: vendors/jquery/index.js
INFO  Generated: vendors/firebase/firebase.js
INFO  Generated: vendors/fastclick/bower.json
INFO  Generated: vendors/font-awesome/bower.json
INFO  Generated: vendors/jquery_lazyload/jquery.lazyload.js
INFO  Generated: vendors/jquery_lazyload/jquery.scrollstop.js
INFO  Generated: vendors/velocity/velocity.ui.min.js
INFO  Generated: vendors/fastclick/README.html
INFO  Generated: vendors/jquery_lazyload/CONTRIBUTING.html
INFO  Generated: vendors/jquery_lazyload/README.html
INFO  Generated: vendors/velocity/velocity.ui.js
INFO  Generated: vendors/velocity/velocity.min.js
INFO  Generated: css/main.css
INFO  Generated: vendors/velocity/velocity.js
INFO  Generated: categories/技术人生/page/2/index.html
INFO  Generated: vendors/font-awesome/HELP-US-OUT.txt
INFO  Generated: vendors/font-awesome/fonts/fontawesome-webfont.woff
INFO  Generated: archives/2017/page/2/index.html
INFO  Generated: archives/2015/page/2/index.html
INFO  Generated: archives/2018/page/2/index.html
INFO  Generated: vendors/bootstrap/fonts/glyphicons-halflings-regular.svg
INFO  Generated: archives/2016/page/2/index.html
INFO  Generated: archives/2015/page/3/index.html
INFO  Generated: archives/2016/page/3/index.html
INFO  Generated: categories/技术人生/page/3/index.html
INFO  Generated: vendors/font-awesome/fonts/FontAwesome.otf
INFO  Generated: vendors/font-awesome/fonts/fontawesome-webfont.eot
INFO  Generated: categories/技术人生/page/4/index.html
INFO  Generated: categories/技术人生/page/5/index.html
INFO  Generated: categories/技术人生/page/6/index.html
INFO  Generated: categories/技术人生/page/7/index.html
INFO  Generated: vendors/fancybox/source/helpers/fancybox_buttons.png
INFO  Generated: vendors/font-awesome/fonts/fontawesome-webfont.svg
INFO  Generated: vendors/fastclick/lib/fastclick.min.js
INFO  Generated: vendors/bootstrap/css/bootstrap-theme.min.css
INFO  Generated: vendors/font-awesome/css/font-awesome.css
INFO  Generated: vendors/bootstrap/js/bootstrap.min.js
INFO  Generated: vendors/fancybox/source/jquery.fancybox.css
INFO  Generated: vendors/fancybox/source/helpers/jquery.fancybox-buttons.css
INFO  Generated: vendors/fancybox/source/helpers/jquery.fancybox-buttons.js
INFO  Generated: vendors/fancybox/source/helpers/jquery.fancybox-media.js
INFO  Generated: vendors/fancybox/source/helpers/jquery.fancybox-thumbs.css
INFO  Generated: vendors/fancybox/source/helpers/jquery.fancybox-thumbs.js
INFO  Generated: vendors/fancybox/source/jquery.fancybox.pack.js
INFO  Generated: vendors/fastclick/lib/fastclick.js
INFO  Generated: vendors/fancybox/source/jquery.fancybox.js
INFO  Generated: vendors/bootstrap/fonts/glyphicons-halflings-regular.eot
INFO  Generated: vendors/bootstrap/fonts/glyphicons-halflings-regular.ttf
INFO  Generated: vendors/bootstrap/fonts/glyphicons-halflings-regular.woff
INFO  Generated: vendors/bootstrap/fonts/glyphicons-halflings-regular.woff2
INFO  Generated: vendors/fancybox/source/blank.gif
INFO  Generated: vendors/fancybox/source/fancybox_loading.gif
INFO  Generated: vendors/fancybox/source/fancybox_loading@2x.gif
INFO  Generated: vendors/fancybox/source/fancybox_overlay.png
INFO  Generated: vendors/fancybox/source/fancybox_sprite.png
INFO  Generated: vendors/fancybox/source/fancybox_sprite@2x.png
INFO  Generated: vendors/font-awesome/css/font-awesome.css.map
INFO  Generated: vendors/bootstrap/css/bootstrap.min.css
INFO  Generated: vendors/font-awesome/fonts/fontawesome-webfont.ttf
INFO  Generated: vendors/font-awesome/css/font-awesome.min.css
INFO  Generated: 2018/07/01/js-lib-share3/index.html
INFO  Generated: 2017/10/11/csv-encoding-bom/index.html
INFO  Generated: 2016/12/22/error-commit/index.html
INFO  Generated: vendors/font-awesome/fonts/fontawesome-webfont.woff2
INFO  Generated: 2015/12/28/myreading-2015/index.html
INFO  Generated: 2018/06/18/js-lib-share2/index.html
INFO  Generated: 2018/05/27/js-lib-share/index.html
INFO  Generated: 2018/04/30/write-comment3/index.html
INFO  Generated: 2018/03/30/kcxl-2/index.html
INFO  Generated: 2018/02/22/summary17/index.html
INFO  Generated: 2017/08/26/volatile/index.html
INFO  Generated: 2017/07/31/raspberry-autoplay/index.html
INFO  Generated: 2017/06/06/js-max-number/index.html
INFO  Generated: 2017/03/21/written-crawler/index.html
INFO  Generated: 2017/02/23/myreading-2017/index.html
INFO  Generated: 2017/01/01/ant-design的select组件onSelect事件简析/index.html
INFO  Generated: 2016/09/14/carousel/index.html
INFO  Generated: 2016/08/31/message-restore/index.html
INFO  Generated: 2016/07/19/find-xargs-cp/index.html
INFO  Generated: 2016/06/17/node-crypto/index.html
INFO  Generated: 2016/05/21/aria2-transmission/index.html
INFO  Generated: 2016/04/12/hexo-visit-analytics-md/index.html
INFO  Generated: 2016/03/23/Intermediate-Algorithm-Scripting-2/index.html
INFO  Generated: 2016/01/28/lazy-load/index.html
INFO  Generated: 2015/09/15/chrome-extension-learning/index.html
INFO  Generated: 2015/08/20/html5-camera/index.html
INFO  Generated: 2015/07/24/git-learning-3/index.html
INFO  Generated: 2015/06/30/Git-push-HTTP-request-failed-403-fatal问题解决/index.html
INFO  Generated: 2018/06/05/translate_github_acquire/index.html
INFO  Generated: 2018/06/03/mysql-in-find_in_set/index.html
INFO  Generated: 2018/05/20/mysql-case-when/index.html
INFO  Generated: 2018/05/13/filewatchers/index.html
INFO  Generated: 2018/05/06/write-comment4/index.html
INFO  Generated: 2018/04/22/write-comment2/index.html
INFO  Generated: 2018/04/15/write-comment/index.html
INFO  Generated: 2018/04/08/kcxl-3/index.html
INFO  Generated: 2018/03/24/kcxl/index.html
INFO  Generated: 2018/03/19/kclr/index.html
INFO  Generated: 2018/03/11/charles/index.html
INFO  Generated: 2018/03/09/myreading-2018/index.html
INFO  Generated: 2018/03/03/maven-repo/index.html
INFO  Generated: 2016/02/28/freecodecamp-Basic-Algorithm-Scripting/index.html
INFO  Generated: 2017/07/05/js-big-number/index.html
INFO  Generated: 2017/03/14/shell-run-mysql/index.html
INFO  Generated: 2017/02/04/aws-mongo-protect/index.html
INFO  Generated: 2016/12/15/idea-remote-debug/index.html
INFO  Generated: 2016/12/08/idea-jvm/index.html
INFO  Generated: 2016/08/16/sendEmail/index.html
INFO  Generated: 2016/08/05/node-ssh-shell/index.html
INFO  Generated: 2016/08/04/xz-decompress/index.html
INFO  Generated: 2016/06/16/myreading-2016/index.html
INFO  Generated: 2016/06/08/node-authority/index.html
INFO  Generated: 2016/03/05/jenkins-autobuild/index.html
INFO  Generated: 2016/03/04/css-learning/index.html
INFO  Generated: 2016/02/21/FormData/index.html
INFO  Generated: 2016/02/19/gulp-minify-blog/index.html
INFO  Generated: 2016/01/08/beian/index.html
INFO  Generated: 2015/12/24/local-weather/index.html
INFO  Generated: 2015/12/21/mongoose-update-all/index.html
INFO  Generated: 2015/12/17/gitcafe-dns/index.html
INFO  Generated: 2015/12/14/awk-calc/index.html
INFO  Generated: 2015/12/11/gitpages-warning/index.html
INFO  Generated: 2015/12/10/js-device/index.html
INFO  Generated: 2015/12/09/wedding/index.html
INFO  Generated: 2015/12/01/invite/index.html
INFO  Generated: 2015/08/03/js-encode/index.html
INFO  Generated: 2015/07/14/iptables/index.html
INFO  Generated: 2015/07/13/js-for-in/index.html
INFO  Generated: 2015/07/10/git-learning-2/index.html
INFO  Generated: 2015/07/07/git-learning-1/index.html
INFO  Generated: 2015/07/03/zhihu-node/index.html
INFO  Generated: 2015/07/02/zhihu-writing/index.html
INFO  Generated: 2015/06/29/markdown-learning/index.html
INFO  Generated: 2015/06/26/beginning/index.html
INFO  Generated: 2015/06/25/hello-world/index.html
INFO  Generated: 2015/07/17/gfw-squid-stunnel/index.html
INFO  Generated: 2017/07/31/raspberry-init/index.html
INFO  Generated: 2017/03/14/linux-install-mysql/index.html
INFO  Generated: 2016/06/08/mongodb-back-restore/index.html
INFO  Generated: 2016/03/23/Intermediate-Algorithm-Scripting/index.html
INFO  Generated: 2016/02/19/gulp-learning/index.html
INFO  373 files generated in 14 s
[15:12:07] Using gulpfile ~/dev/hello-blog/gulpfile.js
[15:12:07] Starting 'html'...
[15:12:07] Starting 'css'...
[15:12:07] Starting 'js'...
[15:12:25] Finished 'css' after 18 s
[15:12:28] Finished 'js' after 21 s
[15:12:32] Finished 'html' after 25 s
[15:12:32] Starting 'default'...
gulp task ok!
[15:12:32] Finished 'default' after 100 μs
hexo: no process found
(node:20561) [DEP0061] DeprecationWarning: fs.SyncWriteStream is deprecated.
INFO  Start processing
INFO  Hexo is running at http://0.0.0.0:4000/. Press Ctrl+C to stop.
